<?xml version="1.0" encoding="UTF-8"?>
<testng-results ignored="0" total="1" passed="1" failed="0" skipped="0">
  <reporter-output>
  </reporter-output>
  <suite started-at="2022-03-02T21:09:54 IST" name="Default suite" finished-at="2022-03-02T21:09:54 IST" duration-ms="31">
    <groups>
    </groups>
    <test started-at="2022-03-02T21:09:54 IST" name="Default test" finished-at="2022-03-02T21:09:54 IST" duration-ms="31">
      <class name="testActiTimeMaven.BaseTest1">
        <test-method signature="failed()[pri:0, instance:testActiTimeMaven.BaseTest1@625732]" started-at="2022-03-02T21:09:54 IST" name="failed" finished-at="2022-03-02T21:09:54 IST" duration-ms="6" status="PASS">
          <reporter-output>
          </reporter-output>
        </test-method> <!-- failed -->
      </class> <!-- testActiTimeMaven.BaseTest1 -->
    </test> <!-- Default test -->
  </suite> <!-- Default suite -->
</testng-results>
