<?xml version="1.0" encoding="UTF-8"?>
<testng-results ignored="0" total="1" passed="1" failed="0" skipped="0">
  <reporter-output>
  </reporter-output>
  <suite started-at="2022-03-03T12:16:14 IST" name="Default suite" finished-at="2022-03-03T12:16:29 IST" duration-ms="14967">
    <groups>
    </groups>
    <test started-at="2022-03-03T12:16:14 IST" name="Default test" finished-at="2022-03-03T12:16:29 IST" duration-ms="14967">
      <class name="testPackage.ActiTimeValidLogin">
        <test-method is-config="true" signature="openBrowser()[pri:0, instance:testPackage.ActiTimeValidLogin@72cde7cc]" started-at="2022-03-03T12:16:14 IST" name="openBrowser" finished-at="2022-03-03T12:16:28 IST" duration-ms="14550" status="PASS">
          <reporter-output>
          </reporter-output>
        </test-method> <!-- openBrowser -->
        <test-method signature="login()[pri:0, instance:testPackage.ActiTimeValidLogin@72cde7cc]" started-at="2022-03-03T12:16:28 IST" name="login" finished-at="2022-03-03T12:16:29 IST" duration-ms="198" status="PASS">
          <reporter-output>
          </reporter-output>
        </test-method> <!-- login -->
        <test-method is-config="true" signature="tearDown()[pri:0, instance:testPackage.ActiTimeValidLogin@72cde7cc]" started-at="2022-03-03T12:16:29 IST" name="tearDown" finished-at="2022-03-03T12:16:29 IST" duration-ms="188" status="PASS">
          <reporter-output>
          </reporter-output>
        </test-method> <!-- tearDown -->
      </class> <!-- testPackage.ActiTimeValidLogin -->
    </test> <!-- Default test -->
  </suite> <!-- Default suite -->
</testng-results>
